<?xml version="1.0" encoding="UTF-8"?>
<!-- Generated by org.testng.reporters.JUnitXMLReporter -->
<testsuite ignored="0" hostname="DESKTOP-D9EVLA1" failures="1" tests="2" name="Error Validations Test" time="28.465" errors="0" timestamp="2025-04-11T18:05:48 IST">
  <testcase classname="shreya.Tests.ErrorValidationsTest" name="ProductErrorValidation" time="4.724"/>
  <testcase classname="shreya.Tests.ErrorValidationsTest" name="submitOrder" time="1.935">
    <failure type="java.lang.AssertionError" message="expected [Incorrect email or password.] but found [Incorrect email password.]">
      <![CDATA[java.lang.AssertionError: expected [Incorrect email or password.] but found [Incorrect email password.]
at shreya.Tests.ErrorValidationsTest.submitOrder(ErrorValidationsTest.java:23)
at java.base/java.util.ArrayList.forEach(ArrayList.java:1596)
at java.base/java.util.concurrent.FutureTask.run(FutureTask.java:317)
at java.base/java.util.concurrent.ThreadPoolExecutor.runWorker(ThreadPoolExecutor.java:1144)
at java.base/java.util.concurrent.ThreadPoolExecutor$Worker.run(ThreadPoolExecutor.java:642)
at java.base/java.lang.Thread.run(Thread.java:1583)
... Removed 21 stack frames]]>
    </failure>
  </testcase> <!-- submitOrder -->
</testsuite> <!-- Error Validations Test -->
