<?xml version="1.0" encoding="UTF-8"?>
<!-- Generated by org.testng.reporters.JUnitXMLReporter -->
<testsuite ignored="0" hostname="DESKTOP-D9EVLA1" failures="0" tests="3" name="Submit Order Test" time="54.485" errors="0" timestamp="2025-04-11T18:06:13 IST">
  <testcase classname="shreya.Tests.SubmitOrderTest" name="submitOrder" time="18.023"/>
  <testcase classname="shreya.Tests.SubmitOrderTest" name="submitOrder" time="8.141"/>
  <testcase classname="shreya.Tests.SubmitOrderTest" name="OrderHistoryTest" time="1.539"/>
</testsuite> <!-- Submit Order Test -->
