<?xml version="1.0" encoding="UTF-8"?>
<!-- Generated by org.testng.reporters.JUnitXMLReporter -->
<testsuite ignored="0" hostname="DESKTOP-D9EVLA1" failures="0" tests="3" name="Submit Order Test" time="85.281" errors="0" timestamp="2025-04-13T11:16:12 IST">
  <testcase classname="shreya.Tests.SubmitOrderTest" name="submitOrder" time="21.761"/>
  <testcase classname="shreya.Tests.SubmitOrderTest" name="submitOrder" time="27.809"/>
  <testcase classname="shreya.Tests.SubmitOrderTest" name="OrderHistoryTest" time="2.97"/>
</testsuite> <!-- Submit Order Test -->
